#! /opt/homebrew/Cellar/icarus-verilog/12.0/bin/vvp
:ivl_version "12.0 (stable)";
:ivl_delay_selection "TYPICAL";
:vpi_time_precision + 0;
:vpi_module "/opt/homebrew/Cellar/icarus-verilog/12.0/lib/ivl/system.vpi";
:vpi_module "/opt/homebrew/Cellar/icarus-verilog/12.0/lib/ivl/vhdl_sys.vpi";
:vpi_module "/opt/homebrew/Cellar/icarus-verilog/12.0/lib/ivl/vhdl_textio.vpi";
:vpi_module "/opt/homebrew/Cellar/icarus-verilog/12.0/lib/ivl/v2005_math.vpi";
:vpi_module "/opt/homebrew/Cellar/icarus-verilog/12.0/lib/ivl/va_math.vpi";
:vpi_module "/opt/homebrew/Cellar/icarus-verilog/12.0/lib/ivl/v2009.vpi";
S_0x136f07870 .scope package, "$unit" "$unit" 2 1;
 .timescale 0 0;
S_0x136f079e0 .scope package, "pmupackage" "pmupackage" 3 8;
 .timescale 0 0;
P_0x137808200 .param/l "apb_aw" 0 3 14, +C4<00000000000000000000000000001000>;
P_0x137808240 .param/l "apb_dw" 0 3 13, +C4<00000000000000000000000000100000>;
P_0x137808280 .param/l "cdepth" 0 3 12, +C4<00000000000000000000000000010000>;
P_0x1378082c0 .param/l "clearbit" 1 3 34, +C4<00000000000000000000000000000001>;
P_0x137808300 .param/l "count0" 1 3 28, C4<00100000>;
P_0x137808340 .param/l "count1" 1 3 29, C4<00100100>;
P_0x137808380 .param/l "count2" 1 3 30, C4<00101000>;
P_0x1378083c0 .param/l "count3" 1 3 31, C4<00101100>;
P_0x137808400 .param/l "ctrlreg" 1 3 23, C4<00000000>;
P_0x137808440 .param/l "enbit" 1 3 33, +C4<00000000000000000000000000000000>;
P_0x137808480 .param/l "eselw" 0 3 16, +C4<00000000000000000000000000000100>;
P_0x1378084c0 .param/l "evsel0" 1 3 24, C4<00010000>;
P_0x137808500 .param/l "evsel1" 1 3 25, C4<00010100>;
P_0x137808540 .param/l "evsel2" 1 3 26, C4<00011000>;
P_0x137808580 .param/l "evsel3" 1 3 27, C4<00011100>;
P_0x1378085c0 .param/l "ncntrs" 0 3 11, +C4<00000000000000000000000000000100>;
P_0x137808600 .param/l "tevents" 0 3 10, +C4<00000000000000000000000000010000>;
S_0x136f07b50 .scope module, "pmu_core_tb" "pmu_core_tb" 4 7;
 .timescale 0 0;
P_0x600001d14100 .param/l "cdepth" 0 4 11, +C4<00000000000000000000000000010000>;
P_0x600001d14140 .param/l "eselw" 0 4 12, +C4<00000000000000000000000000000100>;
P_0x600001d14180 .param/l "ncntrs" 0 4 10, +C4<00000000000000000000000000000100>;
P_0x600001d141c0 .param/l "tevents" 0 4 9, +C4<00000000000000000000000000010000>;
v0x60000131e640_0 .var "clear", 0 0;
v0x60000131e6d0_0 .var "clk", 0 0;
v0x60000131e760_0 .net "countout", 63 0, v0x60000131dcb0_0;  1 drivers
v0x60000131e7f0_0 .var "enable", 0 0;
v0x60000131e880 .array "evsel", 0 3, 3 0;
v0x60000131e910_0 .var "rst", 0 0;
v0x60000131e9a0_0 .var "sigs", 15 0;
S_0x136f07cc0 .scope autotask, "check_cnt" "check_cnt" 4 36, 4 36 0, S_0x136f07b50;
 .timescale 0 0;
v0x60000131c990_0 .var/2s "exp", 31 0;
v0x60000131ca20_0 .var/2s "idx", 31 0;
TD_pmu_core_tb.check_cnt ;
    %load/vec4 v0x60000131e760_0;
    %load/vec4 v0x60000131ca20_0;
    %muli 16, 0, 32;
    %part/s 16;
    %load/vec4 v0x60000131c990_0;
    %parti/s 16, 0, 2;
    %cmp/ne;
    %jmp/0xz  T_0.0, 6;
    %load/vec4 v0x60000131e760_0;
    %load/vec4 v0x60000131ca20_0;
    %muli 16, 0, 32;
    %part/s 16;
    %vpi_call/w 4 39 "$display", "fail: counter %0d expected %0d got %0d", v0x60000131ca20_0, v0x60000131c990_0, S<0,vec4,u16> {1 0 0};
    %vpi_call/w 4 40 "$fatal" {0 0 0};
T_0.0 ;
    %end;
S_0x136f07e30 .scope module, "dut" "pmu" 4 25, 5 6 0, S_0x136f07b50;
 .timescale 0 0;
    .port_info 0 /INPUT 1 "clk";
    .port_info 1 /INPUT 1 "rst";
    .port_info 2 /INPUT 1 "clear";
    .port_info 3 /INPUT 1 "enable";
    .port_info 4 /INPUT 16 "sigs";
    .port_info 5 /INPUT 16 "evsel";
    .port_info 6 /OUTPUT 64 "countout";
P_0x600001414000 .param/l "cdepth" 0 5 9, +C4<00000000000000000000000000010000>;
P_0x600001414040 .param/l "ncntrs" 0 5 8, +C4<00000000000000000000000000000100>;
P_0x600001414080 .param/l "tevents" 0 5 7, +C4<00000000000000000000000000010000>;
v0x60000131e880_0 .array/port v0x60000131e880, 0;
L_0x600000a102a0 .functor BUFZ 4, v0x60000131e880_0, C4<0000>, C4<0000>, C4<0000>;
v0x60000131e880_1 .array/port v0x60000131e880, 1;
L_0x600000a10310 .functor BUFZ 4, v0x60000131e880_1, C4<0000>, C4<0000>, C4<0000>;
v0x60000131e880_2 .array/port v0x60000131e880, 2;
L_0x600000a10380 .functor BUFZ 4, v0x60000131e880_2, C4<0000>, C4<0000>, C4<0000>;
v0x60000131e880_3 .array/port v0x60000131e880, 3;
L_0x600000a103f0 .functor BUFZ 4, v0x60000131e880_3, C4<0000>, C4<0000>, C4<0000>;
v0x60000131e1c0_0 .net "clear", 0 0, v0x60000131e640_0;  1 drivers
v0x60000131e250_0 .net "clk", 0 0, v0x60000131e6d0_0;  1 drivers
v0x60000131e2e0_0 .net "countout", 63 0, v0x60000131dcb0_0;  alias, 1 drivers
v0x60000131e370_0 .net "enable", 0 0, v0x60000131e7f0_0;  1 drivers
v0x60000131e400 .array "evsel", 0 3;
v0x60000131e400_0 .net v0x60000131e400 0, 3 0, v0x60000131e880_0; 1 drivers
v0x60000131e400_1 .net v0x60000131e400 1, 3 0, v0x60000131e880_1; 1 drivers
v0x60000131e400_2 .net v0x60000131e400 2, 3 0, v0x60000131e880_2; 1 drivers
v0x60000131e400_3 .net v0x60000131e400 3, 3 0, v0x60000131e880_3; 1 drivers
v0x60000131e490_0 .net "rst", 0 0, v0x60000131e910_0;  1 drivers
v0x60000131e520_0 .net "sigpicked", 3 0, v0x60000131e0a0_0;  1 drivers
v0x60000131e5b0_0 .net "sigs", 15 0, v0x60000131e9a0_0;  1 drivers
S_0x136f07fa0 .scope module, "cntbank" "counterbank" 5 35, 6 6 0, S_0x136f07e30;
 .timescale 0 0;
    .port_info 0 /INPUT 1 "clk";
    .port_info 1 /INPUT 1 "rst";
    .port_info 2 /INPUT 1 "clear";
    .port_info 3 /INPUT 1 "enable";
    .port_info 4 /INPUT 4 "sigin";
    .port_info 5 /OUTPUT 64 "countout";
P_0x600000f13b00 .param/l "cdepth" 0 6 8, +C4<00000000000000000000000000010000>;
P_0x600000f13b40 .param/l "ncntrs" 0 6 7, +C4<00000000000000000000000000000100>;
v0x60000131db00_0 .net "clear", 0 0, v0x60000131e640_0;  alias, 1 drivers
v0x60000131db90_0 .net "clk", 0 0, v0x60000131e6d0_0;  alias, 1 drivers
v0x60000131dc20 .array "cnts", 0 3;
v0x60000131dc20_0 .net v0x60000131dc20 0, 15 0, v0x60000131ccf0_0; 1 drivers
v0x60000131dc20_1 .net v0x60000131dc20 1, 15 0, v0x60000131d0e0_0; 1 drivers
v0x60000131dc20_2 .net v0x60000131dc20 2, 15 0, v0x60000131d4d0_0; 1 drivers
v0x60000131dc20_3 .net v0x60000131dc20 3, 15 0, v0x60000131d8c0_0; 1 drivers
v0x60000131dcb0_0 .var "countout", 63 0;
v0x60000131dd40_0 .net "enable", 0 0, v0x60000131e7f0_0;  alias, 1 drivers
v0x60000131ddd0_0 .var/2s "j", 31 0;
v0x60000131de60_0 .net "rst", 0 0, v0x60000131e910_0;  alias, 1 drivers
v0x60000131def0_0 .net "sigin", 3 0, v0x60000131e0a0_0;  alias, 1 drivers
E_0x600003407e40 .event anyedge, v0x60000131ccf0_0, v0x60000131d0e0_0, v0x60000131d4d0_0, v0x60000131d8c0_0;
L_0x600001018320 .part v0x60000131e0a0_0, 0, 1;
L_0x6000010183c0 .part v0x60000131e0a0_0, 1, 1;
L_0x600001018460 .part v0x60000131e0a0_0, 2, 1;
L_0x600001018500 .part v0x60000131e0a0_0, 3, 1;
S_0x136f08110 .scope generate, "cblocks[0]" "cblocks[0]" 6 23, 6 23 0, S_0x136f07fa0;
 .timescale 0 0;
P_0x600003407e80 .param/l "i" 1 6 23, +C4<00>;
S_0x136f08280 .scope module, "c0" "counter" 6 26, 7 8 0, S_0x136f08110;
 .timescale 0 0;
    .port_info 0 /INPUT 1 "clk";
    .port_info 1 /INPUT 1 "rst";
    .port_info 2 /INPUT 1 "clear";
    .port_info 3 /INPUT 1 "enable";
    .port_info 4 /INPUT 1 "sigevent";
    .port_info 5 /OUTPUT 16 "crntcount";
P_0x600003407f00 .param/l "cdepth" 0 7 9, +C4<00000000000000000000000000010000>;
v0x60000131cbd0_0 .net "clear", 0 0, v0x60000131e640_0;  alias, 1 drivers
v0x60000131cc60_0 .net "clk", 0 0, v0x60000131e6d0_0;  alias, 1 drivers
v0x60000131ccf0_0 .var "crntcount", 15 0;
v0x60000131cd80_0 .net "enable", 0 0, v0x60000131e7f0_0;  alias, 1 drivers
v0x60000131ce10_0 .net "rst", 0 0, v0x60000131e910_0;  alias, 1 drivers
v0x60000131cea0_0 .net "sigevent", 0 0, L_0x600001018320;  1 drivers
E_0x600003407f80 .event posedge, v0x60000131cc60_0;
S_0x136f08b90 .scope generate, "cblocks[1]" "cblocks[1]" 6 23, 6 23 0, S_0x136f07fa0;
 .timescale 0 0;
P_0x600003400000 .param/l "i" 1 6 23, +C4<01>;
S_0x136f08d00 .scope module, "c0" "counter" 6 26, 7 8 0, S_0x136f08b90;
 .timescale 0 0;
    .port_info 0 /INPUT 1 "clk";
    .port_info 1 /INPUT 1 "rst";
    .port_info 2 /INPUT 1 "clear";
    .port_info 3 /INPUT 1 "enable";
    .port_info 4 /INPUT 1 "sigevent";
    .port_info 5 /OUTPUT 16 "crntcount";
P_0x600003400080 .param/l "cdepth" 0 7 9, +C4<00000000000000000000000000010000>;
v0x60000131cfc0_0 .net "clear", 0 0, v0x60000131e640_0;  alias, 1 drivers
v0x60000131d050_0 .net "clk", 0 0, v0x60000131e6d0_0;  alias, 1 drivers
v0x60000131d0e0_0 .var "crntcount", 15 0;
v0x60000131d170_0 .net "enable", 0 0, v0x60000131e7f0_0;  alias, 1 drivers
v0x60000131d200_0 .net "rst", 0 0, v0x60000131e910_0;  alias, 1 drivers
v0x60000131d290_0 .net "sigevent", 0 0, L_0x6000010183c0;  1 drivers
S_0x136f08e70 .scope generate, "cblocks[2]" "cblocks[2]" 6 23, 6 23 0, S_0x136f07fa0;
 .timescale 0 0;
P_0x600003400140 .param/l "i" 1 6 23, +C4<010>;
S_0x136f08fe0 .scope module, "c0" "counter" 6 26, 7 8 0, S_0x136f08e70;
 .timescale 0 0;
    .port_info 0 /INPUT 1 "clk";
    .port_info 1 /INPUT 1 "rst";
    .port_info 2 /INPUT 1 "clear";
    .port_info 3 /INPUT 1 "enable";
    .port_info 4 /INPUT 1 "sigevent";
    .port_info 5 /OUTPUT 16 "crntcount";
P_0x6000034001c0 .param/l "cdepth" 0 7 9, +C4<00000000000000000000000000010000>;
v0x60000131d3b0_0 .net "clear", 0 0, v0x60000131e640_0;  alias, 1 drivers
v0x60000131d440_0 .net "clk", 0 0, v0x60000131e6d0_0;  alias, 1 drivers
v0x60000131d4d0_0 .var "crntcount", 15 0;
v0x60000131d560_0 .net "enable", 0 0, v0x60000131e7f0_0;  alias, 1 drivers
v0x60000131d5f0_0 .net "rst", 0 0, v0x60000131e910_0;  alias, 1 drivers
v0x60000131d680_0 .net "sigevent", 0 0, L_0x600001018460;  1 drivers
S_0x136f09150 .scope generate, "cblocks[3]" "cblocks[3]" 6 23, 6 23 0, S_0x136f07fa0;
 .timescale 0 0;
P_0x600003400380 .param/l "i" 1 6 23, +C4<011>;
S_0x136f092c0 .scope module, "c0" "counter" 6 26, 7 8 0, S_0x136f09150;
 .timescale 0 0;
    .port_info 0 /INPUT 1 "clk";
    .port_info 1 /INPUT 1 "rst";
    .port_info 2 /INPUT 1 "clear";
    .port_info 3 /INPUT 1 "enable";
    .port_info 4 /INPUT 1 "sigevent";
    .port_info 5 /OUTPUT 16 "crntcount";
P_0x600003400400 .param/l "cdepth" 0 7 9, +C4<00000000000000000000000000010000>;
v0x60000131d7a0_0 .net "clear", 0 0, v0x60000131e640_0;  alias, 1 drivers
v0x60000131d830_0 .net "clk", 0 0, v0x60000131e6d0_0;  alias, 1 drivers
v0x60000131d8c0_0 .var "crntcount", 15 0;
v0x60000131d950_0 .net "enable", 0 0, v0x60000131e7f0_0;  alias, 1 drivers
v0x60000131d9e0_0 .net "rst", 0 0, v0x60000131e910_0;  alias, 1 drivers
v0x60000131da70_0 .net "sigevent", 0 0, L_0x600001018500;  1 drivers
S_0x136f09430 .scope module, "eventmux" "mux" 5 25, 8 8 0, S_0x136f07e30;
 .timescale 0 0;
    .port_info 0 /INPUT 16 "sigs";
    .port_info 1 /OUTPUT 4 "sigout";
    .port_info 2 /INPUT 16 "evsel";
P_0x6000014140c0 .param/l "eselw" 0 8 11, +C4<00000000000000000000000000000100>;
P_0x600001414100 .param/l "ncntrs" 0 8 10, +C4<00000000000000000000000000000100>;
P_0x600001414140 .param/l "tevents" 0 8 9, +C4<00000000000000000000000000010000>;
v0x60000131df80 .array "evsel", 0 3;
v0x60000131df80_0 .net v0x60000131df80 0, 3 0, L_0x600000a102a0; 1 drivers
v0x60000131df80_1 .net v0x60000131df80 1, 3 0, L_0x600000a10310; 1 drivers
v0x60000131df80_2 .net v0x60000131df80 2, 3 0, L_0x600000a10380; 1 drivers
v0x60000131df80_3 .net v0x60000131df80 3, 3 0, L_0x600000a103f0; 1 drivers
v0x60000131e010_0 .var/2s "i", 31 0;
v0x60000131e0a0_0 .var "sigout", 3 0;
v0x60000131e130_0 .net "sigs", 15 0, v0x60000131e9a0_0;  alias, 1 drivers
E_0x6000034004c0/0 .event anyedge, v0x60000131df80_0, v0x60000131df80_1, v0x60000131df80_2, v0x60000131df80_3;
E_0x6000034004c0/1 .event anyedge, v0x60000131e130_0;
E_0x6000034004c0 .event/or E_0x6000034004c0/0, E_0x6000034004c0/1;
    .scope S_0x136f09430;
T_1 ;
Ewait_0 .event/or E_0x6000034004c0, E_0x0;
    %wait Ewait_0;
    %pushi/vec4 0, 0, 32;
    %store/vec4 v0x60000131e010_0, 0, 32;
T_1.0 ;
    %load/vec4 v0x60000131e010_0;
    %cmpi/s 4, 0, 32;
    %jmp/0xz T_1.1, 5;
    %load/vec4 v0x60000131e130_0;
    %ix/getv/s 4, v0x60000131e010_0;
    %load/vec4a v0x60000131df80, 4;
    %part/u 1;
    %ix/getv/s 4, v0x60000131e010_0;
    %store/vec4 v0x60000131e0a0_0, 4, 1;
    ; show_stmt_assign_vector: Get l-value for compressed += operand
    %load/vec4 v0x60000131e010_0;
    %pushi/vec4 1, 0, 32;
    %add;
    %cast2;
    %store/vec4 v0x60000131e010_0, 0, 32;
    %jmp T_1.0;
T_1.1 ;
    %jmp T_1;
    .thread T_1, $push;
    .scope S_0x136f08280;
T_2 ;
    %wait E_0x600003407f80;
    %load/vec4 v0x60000131ce10_0;
    %flag_set/vec4 8;
    %jmp/1 T_2.2, 8;
    %load/vec4 v0x60000131cbd0_0;
    %flag_set/vec4 9;
    %flag_or 8, 9;
T_2.2;
    %jmp/0xz  T_2.0, 8;
    %pushi/vec4 0, 0, 16;
    %assign/vec4 v0x60000131ccf0_0, 0;
    %jmp T_2.1;
T_2.0 ;
    %load/vec4 v0x60000131cd80_0;
    %flag_set/vec4 9;
    %flag_get/vec4 9;
    %jmp/0 T_2.5, 9;
    %load/vec4 v0x60000131cea0_0;
    %and;
T_2.5;
    %flag_set/vec4 8;
    %jmp/0xz  T_2.3, 8;
    %load/vec4 v0x60000131ccf0_0;
    %cmpi/ne 65535, 0, 16;
    %jmp/0xz  T_2.6, 4;
    %load/vec4 v0x60000131ccf0_0;
    %addi 1, 0, 16;
    %assign/vec4 v0x60000131ccf0_0, 0;
T_2.6 ;
T_2.3 ;
T_2.1 ;
    %jmp T_2;
    .thread T_2;
    .scope S_0x136f08d00;
T_3 ;
    %wait E_0x600003407f80;
    %load/vec4 v0x60000131d200_0;
    %flag_set/vec4 8;
    %jmp/1 T_3.2, 8;
    %load/vec4 v0x60000131cfc0_0;
    %flag_set/vec4 9;
    %flag_or 8, 9;
T_3.2;
    %jmp/0xz  T_3.0, 8;
    %pushi/vec4 0, 0, 16;
    %assign/vec4 v0x60000131d0e0_0, 0;
    %jmp T_3.1;
T_3.0 ;
    %load/vec4 v0x60000131d170_0;
    %flag_set/vec4 9;
    %flag_get/vec4 9;
    %jmp/0 T_3.5, 9;
    %load/vec4 v0x60000131d290_0;
    %and;
T_3.5;
    %flag_set/vec4 8;
    %jmp/0xz  T_3.3, 8;
    %load/vec4 v0x60000131d0e0_0;
    %cmpi/ne 65535, 0, 16;
    %jmp/0xz  T_3.6, 4;
    %load/vec4 v0x60000131d0e0_0;
    %addi 1, 0, 16;
    %assign/vec4 v0x60000131d0e0_0, 0;
T_3.6 ;
T_3.3 ;
T_3.1 ;
    %jmp T_3;
    .thread T_3;
    .scope S_0x136f08fe0;
T_4 ;
    %wait E_0x600003407f80;
    %load/vec4 v0x60000131d5f0_0;
    %flag_set/vec4 8;
    %jmp/1 T_4.2, 8;
    %load/vec4 v0x60000131d3b0_0;
    %flag_set/vec4 9;
    %flag_or 8, 9;
T_4.2;
    %jmp/0xz  T_4.0, 8;
    %pushi/vec4 0, 0, 16;
    %assign/vec4 v0x60000131d4d0_0, 0;
    %jmp T_4.1;
T_4.0 ;
    %load/vec4 v0x60000131d560_0;
    %flag_set/vec4 9;
    %flag_get/vec4 9;
    %jmp/0 T_4.5, 9;
    %load/vec4 v0x60000131d680_0;
    %and;
T_4.5;
    %flag_set/vec4 8;
    %jmp/0xz  T_4.3, 8;
    %load/vec4 v0x60000131d4d0_0;
    %cmpi/ne 65535, 0, 16;
    %jmp/0xz  T_4.6, 4;
    %load/vec4 v0x60000131d4d0_0;
    %addi 1, 0, 16;
    %assign/vec4 v0x60000131d4d0_0, 0;
T_4.6 ;
T_4.3 ;
T_4.1 ;
    %jmp T_4;
    .thread T_4;
    .scope S_0x136f092c0;
T_5 ;
    %wait E_0x600003407f80;
    %load/vec4 v0x60000131d9e0_0;
    %flag_set/vec4 8;
    %jmp/1 T_5.2, 8;
    %load/vec4 v0x60000131d7a0_0;
    %flag_set/vec4 9;
    %flag_or 8, 9;
T_5.2;
    %jmp/0xz  T_5.0, 8;
    %pushi/vec4 0, 0, 16;
    %assign/vec4 v0x60000131d8c0_0, 0;
    %jmp T_5.1;
T_5.0 ;
    %load/vec4 v0x60000131d950_0;
    %flag_set/vec4 9;
    %flag_get/vec4 9;
    %jmp/0 T_5.5, 9;
    %load/vec4 v0x60000131da70_0;
    %and;
T_5.5;
    %flag_set/vec4 8;
    %jmp/0xz  T_5.3, 8;
    %load/vec4 v0x60000131d8c0_0;
    %cmpi/ne 65535, 0, 16;
    %jmp/0xz  T_5.6, 4;
    %load/vec4 v0x60000131d8c0_0;
    %addi 1, 0, 16;
    %assign/vec4 v0x60000131d8c0_0, 0;
T_5.6 ;
T_5.3 ;
T_5.1 ;
    %jmp T_5;
    .thread T_5;
    .scope S_0x136f07fa0;
T_6 ;
Ewait_1 .event/or E_0x600003407e40, E_0x0;
    %wait Ewait_1;
    %pushi/vec4 0, 0, 32;
    %store/vec4 v0x60000131ddd0_0, 0, 32;
T_6.0 ;
    %load/vec4 v0x60000131ddd0_0;
    %cmpi/s 4, 0, 32;
    %jmp/0xz T_6.1, 5;
    %ix/getv/s 4, v0x60000131ddd0_0;
    %load/vec4a v0x60000131dc20, 4;
    %load/vec4 v0x60000131ddd0_0;
    %muli 16, 0, 32;
    %ix/vec4/s 4;
    %store/vec4 v0x60000131dcb0_0, 4, 16;
    ; show_stmt_assign_vector: Get l-value for compressed += operand
    %load/vec4 v0x60000131ddd0_0;
    %pushi/vec4 1, 0, 32;
    %add;
    %cast2;
    %store/vec4 v0x60000131ddd0_0, 0, 32;
    %jmp T_6.0;
T_6.1 ;
    %jmp T_6;
    .thread T_6, $push;
    .scope S_0x136f07b50;
T_7 ;
    %delay 5, 0;
    %load/vec4 v0x60000131e6d0_0;
    %inv;
    %store/vec4 v0x60000131e6d0_0, 0, 1;
    %jmp T_7;
    .thread T_7;
    .scope S_0x136f07b50;
T_8 ;
    %pushi/vec4 0, 0, 1;
    %store/vec4 v0x60000131e6d0_0, 0, 1;
    %pushi/vec4 0, 0, 1;
    %store/vec4 v0x60000131e910_0, 0, 1;
    %pushi/vec4 0, 0, 1;
    %store/vec4 v0x60000131e640_0, 0, 1;
    %pushi/vec4 0, 0, 1;
    %store/vec4 v0x60000131e7f0_0, 0, 1;
    %pushi/vec4 0, 0, 16;
    %store/vec4 v0x60000131e9a0_0, 0, 16;
    %pushi/vec4 0, 0, 4;
    %ix/load 4, 0, 0;
    %flag_set/imm 4, 0;
    %store/vec4a v0x60000131e880, 4, 0;
    %pushi/vec4 1, 0, 4;
    %ix/load 4, 1, 0;
    %flag_set/imm 4, 0;
    %store/vec4a v0x60000131e880, 4, 0;
    %pushi/vec4 2, 0, 4;
    %ix/load 4, 2, 0;
    %flag_set/imm 4, 0;
    %store/vec4a v0x60000131e880, 4, 0;
    %pushi/vec4 3, 0, 4;
    %ix/load 4, 3, 0;
    %flag_set/imm 4, 0;
    %store/vec4a v0x60000131e880, 4, 0;
    %vpi_call/w 4 56 "$display", "test 1 reset should be clear everything..." {0 0 0};
    %pushi/vec4 1, 0, 1;
    %store/vec4 v0x60000131e910_0, 0, 1;
    %wait E_0x600003407f80;
    %delay 1, 0;
    %pushi/vec4 0, 0, 1;
    %store/vec4 v0x60000131e910_0, 0, 1;
    %alloc S_0x136f07cc0;
    %pushi/vec4 0, 0, 32;
    %store/vec4 v0x60000131ca20_0, 0, 32;
    %pushi/vec4 0, 0, 32;
    %store/vec4 v0x60000131c990_0, 0, 32;
    %fork TD_pmu_core_tb.check_cnt, S_0x136f07cc0;
    %join;
    %free S_0x136f07cc0;
    %alloc S_0x136f07cc0;
    %pushi/vec4 1, 0, 32;
    %store/vec4 v0x60000131ca20_0, 0, 32;
    %pushi/vec4 0, 0, 32;
    %store/vec4 v0x60000131c990_0, 0, 32;
    %fork TD_pmu_core_tb.check_cnt, S_0x136f07cc0;
    %join;
    %free S_0x136f07cc0;
    %alloc S_0x136f07cc0;
    %pushi/vec4 2, 0, 32;
    %store/vec4 v0x60000131ca20_0, 0, 32;
    %pushi/vec4 0, 0, 32;
    %store/vec4 v0x60000131c990_0, 0, 32;
    %fork TD_pmu_core_tb.check_cnt, S_0x136f07cc0;
    %join;
    %free S_0x136f07cc0;
    %alloc S_0x136f07cc0;
    %pushi/vec4 3, 0, 32;
    %store/vec4 v0x60000131ca20_0, 0, 32;
    %pushi/vec4 0, 0, 32;
    %store/vec4 v0x60000131c990_0, 0, 32;
    %fork TD_pmu_core_tb.check_cnt, S_0x136f07cc0;
    %join;
    %free S_0x136f07cc0;
    %vpi_call/w 4 67 "$display", "test 2 enable low means no counting" {0 0 0};
    %pushi/vec4 65535, 0, 16;
    %store/vec4 v0x60000131e9a0_0, 0, 16;
    %pushi/vec4 0, 0, 1;
    %store/vec4 v0x60000131e7f0_0, 0, 1;
    %pushi/vec4 3, 0, 32;
T_8.0 %dup/vec4;
    %pushi/vec4 0, 0, 32;
    %cmp/s;
    %jmp/1xz T_8.1, 5;
    %jmp/1 T_8.1, 4;
    %pushi/vec4 1, 0, 32;
    %sub;
    %wait E_0x600003407f80;
    %jmp T_8.0;
T_8.1 ;
    %pop/vec4 1;
    %delay 1, 0;
    %alloc S_0x136f07cc0;
    %pushi/vec4 0, 0, 32;
    %store/vec4 v0x60000131ca20_0, 0, 32;
    %pushi/vec4 0, 0, 32;
    %store/vec4 v0x60000131c990_0, 0, 32;
    %fork TD_pmu_core_tb.check_cnt, S_0x136f07cc0;
    %join;
    %free S_0x136f07cc0;
    %alloc S_0x136f07cc0;
    %pushi/vec4 1, 0, 32;
    %store/vec4 v0x60000131ca20_0, 0, 32;
    %pushi/vec4 0, 0, 32;
    %store/vec4 v0x60000131c990_0, 0, 32;
    %fork TD_pmu_core_tb.check_cnt, S_0x136f07cc0;
    %join;
    %free S_0x136f07cc0;
    %alloc S_0x136f07cc0;
    %pushi/vec4 2, 0, 32;
    %store/vec4 v0x60000131ca20_0, 0, 32;
    %pushi/vec4 0, 0, 32;
    %store/vec4 v0x60000131c990_0, 0, 32;
    %fork TD_pmu_core_tb.check_cnt, S_0x136f07cc0;
    %join;
    %free S_0x136f07cc0;
    %alloc S_0x136f07cc0;
    %pushi/vec4 3, 0, 32;
    %store/vec4 v0x60000131ca20_0, 0, 32;
    %pushi/vec4 0, 0, 32;
    %store/vec4 v0x60000131c990_0, 0, 32;
    %fork TD_pmu_core_tb.check_cnt, S_0x136f07cc0;
    %join;
    %free S_0x136f07cc0;
    %pushi/vec4 0, 0, 16;
    %store/vec4 v0x60000131e9a0_0, 0, 16;
    %vpi_call/w 4 79 "$display", "Test 3 now so each counter should follow its own selected event instead!!! COME ON" {0 0 0};
    %pushi/vec4 1, 0, 1;
    %store/vec4 v0x60000131e7f0_0, 0, 1;
    %pushi/vec4 0, 0, 16;
    %store/vec4 v0x60000131e9a0_0, 0, 16;
    %pushi/vec4 1, 0, 1;
    %ix/load 4, 0, 0;
    %flag_set/imm 4, 0;
    %store/vec4 v0x60000131e9a0_0, 4, 1;
    %pushi/vec4 1, 0, 1;
    %ix/load 4, 2, 0;
    %flag_set/imm 4, 0;
    %store/vec4 v0x60000131e9a0_0, 4, 1;
    %wait E_0x600003407f80;
    %delay 1, 0;
    %pushi/vec4 0, 0, 16;
    %store/vec4 v0x60000131e9a0_0, 0, 16;
    %alloc S_0x136f07cc0;
    %pushi/vec4 0, 0, 32;
    %store/vec4 v0x60000131ca20_0, 0, 32;
    %pushi/vec4 1, 0, 32;
    %store/vec4 v0x60000131c990_0, 0, 32;
    %fork TD_pmu_core_tb.check_cnt, S_0x136f07cc0;
    %join;
    %free S_0x136f07cc0;
    %alloc S_0x136f07cc0;
    %pushi/vec4 1, 0, 32;
    %store/vec4 v0x60000131ca20_0, 0, 32;
    %pushi/vec4 0, 0, 32;
    %store/vec4 v0x60000131c990_0, 0, 32;
    %fork TD_pmu_core_tb.check_cnt, S_0x136f07cc0;
    %join;
    %free S_0x136f07cc0;
    %alloc S_0x136f07cc0;
    %pushi/vec4 2, 0, 32;
    %store/vec4 v0x60000131ca20_0, 0, 32;
    %pushi/vec4 1, 0, 32;
    %store/vec4 v0x60000131c990_0, 0, 32;
    %fork TD_pmu_core_tb.check_cnt, S_0x136f07cc0;
    %join;
    %free S_0x136f07cc0;
    %alloc S_0x136f07cc0;
    %pushi/vec4 3, 0, 32;
    %store/vec4 v0x60000131ca20_0, 0, 32;
    %pushi/vec4 0, 0, 32;
    %store/vec4 v0x60000131c990_0, 0, 32;
    %fork TD_pmu_core_tb.check_cnt, S_0x136f07cc0;
    %join;
    %free S_0x136f07cc0;
    %vpi_call/w 4 93 "$display", "test 4: one counter can be pointed somewhere else" {0 0 0};
    %pushi/vec4 4, 0, 4;
    %ix/load 4, 1, 0;
    %flag_set/imm 4, 0;
    %store/vec4a v0x60000131e880, 4, 0;
    %pushi/vec4 0, 0, 16;
    %store/vec4 v0x60000131e9a0_0, 0, 16;
    %pushi/vec4 1, 0, 1;
    %ix/load 4, 4, 0;
    %flag_set/imm 4, 0;
    %store/vec4 v0x60000131e9a0_0, 4, 1;
    %pushi/vec4 2, 0, 32;
T_8.2 %dup/vec4;
    %pushi/vec4 0, 0, 32;
    %cmp/s;
    %jmp/1xz T_8.3, 5;
    %jmp/1 T_8.3, 4;
    %pushi/vec4 1, 0, 32;
    %sub;
    %wait E_0x600003407f80;
    %jmp T_8.2;
T_8.3 ;
    %pop/vec4 1;
    %delay 1, 0;
    %pushi/vec4 0, 0, 16;
    %store/vec4 v0x60000131e9a0_0, 0, 16;
    %alloc S_0x136f07cc0;
    %pushi/vec4 0, 0, 32;
    %store/vec4 v0x60000131ca20_0, 0, 32;
    %pushi/vec4 1, 0, 32;
    %store/vec4 v0x60000131c990_0, 0, 32;
    %fork TD_pmu_core_tb.check_cnt, S_0x136f07cc0;
    %join;
    %free S_0x136f07cc0;
    %alloc S_0x136f07cc0;
    %pushi/vec4 1, 0, 32;
    %store/vec4 v0x60000131ca20_0, 0, 32;
    %pushi/vec4 2, 0, 32;
    %store/vec4 v0x60000131c990_0, 0, 32;
    %fork TD_pmu_core_tb.check_cnt, S_0x136f07cc0;
    %join;
    %free S_0x136f07cc0;
    %alloc S_0x136f07cc0;
    %pushi/vec4 2, 0, 32;
    %store/vec4 v0x60000131ca20_0, 0, 32;
    %pushi/vec4 1, 0, 32;
    %store/vec4 v0x60000131c990_0, 0, 32;
    %fork TD_pmu_core_tb.check_cnt, S_0x136f07cc0;
    %join;
    %free S_0x136f07cc0;
    %alloc S_0x136f07cc0;
    %pushi/vec4 3, 0, 32;
    %store/vec4 v0x60000131ca20_0, 0, 32;
    %pushi/vec4 0, 0, 32;
    %store/vec4 v0x60000131c990_0, 0, 32;
    %fork TD_pmu_core_tb.check_cnt, S_0x136f07cc0;
    %join;
    %free S_0x136f07cc0;
    %vpi_call/w 4 106 "$display", "fifth test - clear should zero all counters" {0 0 0};
    %pushi/vec4 1, 0, 1;
    %store/vec4 v0x60000131e640_0, 0, 1;
    %wait E_0x600003407f80;
    %delay 1, 0;
    %pushi/vec4 0, 0, 1;
    %store/vec4 v0x60000131e640_0, 0, 1;
    %alloc S_0x136f07cc0;
    %pushi/vec4 0, 0, 32;
    %store/vec4 v0x60000131ca20_0, 0, 32;
    %pushi/vec4 0, 0, 32;
    %store/vec4 v0x60000131c990_0, 0, 32;
    %fork TD_pmu_core_tb.check_cnt, S_0x136f07cc0;
    %join;
    %free S_0x136f07cc0;
    %alloc S_0x136f07cc0;
    %pushi/vec4 1, 0, 32;
    %store/vec4 v0x60000131ca20_0, 0, 32;
    %pushi/vec4 0, 0, 32;
    %store/vec4 v0x60000131c990_0, 0, 32;
    %fork TD_pmu_core_tb.check_cnt, S_0x136f07cc0;
    %join;
    %free S_0x136f07cc0;
    %alloc S_0x136f07cc0;
    %pushi/vec4 2, 0, 32;
    %store/vec4 v0x60000131ca20_0, 0, 32;
    %pushi/vec4 0, 0, 32;
    %store/vec4 v0x60000131c990_0, 0, 32;
    %fork TD_pmu_core_tb.check_cnt, S_0x136f07cc0;
    %join;
    %free S_0x136f07cc0;
    %alloc S_0x136f07cc0;
    %pushi/vec4 3, 0, 32;
    %store/vec4 v0x60000131ca20_0, 0, 32;
    %pushi/vec4 0, 0, 32;
    %store/vec4 v0x60000131c990_0, 0, 32;
    %fork TD_pmu_core_tb.check_cnt, S_0x136f07cc0;
    %join;
    %free S_0x136f07cc0;
    %vpi_call/w 4 116 "$display", "6th: counting again after clear" {0 0 0};
    %pushi/vec4 0, 0, 16;
    %store/vec4 v0x60000131e9a0_0, 0, 16;
    %pushi/vec4 5, 0, 4;
    %ix/load 4, 0, 0;
    %flag_set/imm 4, 0;
    %store/vec4a v0x60000131e880, 4, 0;
    %pushi/vec4 6, 0, 4;
    %ix/load 4, 1, 0;
    %flag_set/imm 4, 0;
    %store/vec4a v0x60000131e880, 4, 0;
    %pushi/vec4 7, 0, 4;
    %ix/load 4, 2, 0;
    %flag_set/imm 4, 0;
    %store/vec4a v0x60000131e880, 4, 0;
    %pushi/vec4 8, 0, 4;
    %ix/load 4, 3, 0;
    %flag_set/imm 4, 0;
    %store/vec4a v0x60000131e880, 4, 0;
    %pushi/vec4 1, 0, 1;
    %ix/load 4, 5, 0;
    %flag_set/imm 4, 0;
    %store/vec4 v0x60000131e9a0_0, 4, 1;
    %pushi/vec4 1, 0, 1;
    %ix/load 4, 8, 0;
    %flag_set/imm 4, 0;
    %store/vec4 v0x60000131e9a0_0, 4, 1;
    %pushi/vec4 3, 0, 32;
T_8.4 %dup/vec4;
    %pushi/vec4 0, 0, 32;
    %cmp/s;
    %jmp/1xz T_8.5, 5;
    %jmp/1 T_8.5, 4;
    %pushi/vec4 1, 0, 32;
    %sub;
    %wait E_0x600003407f80;
    %jmp T_8.4;
T_8.5 ;
    %pop/vec4 1;
    %delay 1, 0;
    %pushi/vec4 0, 0, 16;
    %store/vec4 v0x60000131e9a0_0, 0, 16;
    %alloc S_0x136f07cc0;
    %pushi/vec4 0, 0, 32;
    %store/vec4 v0x60000131ca20_0, 0, 32;
    %pushi/vec4 3, 0, 32;
    %store/vec4 v0x60000131c990_0, 0, 32;
    %fork TD_pmu_core_tb.check_cnt, S_0x136f07cc0;
    %join;
    %free S_0x136f07cc0;
    %alloc S_0x136f07cc0;
    %pushi/vec4 1, 0, 32;
    %store/vec4 v0x60000131ca20_0, 0, 32;
    %pushi/vec4 0, 0, 32;
    %store/vec4 v0x60000131c990_0, 0, 32;
    %fork TD_pmu_core_tb.check_cnt, S_0x136f07cc0;
    %join;
    %free S_0x136f07cc0;
    %alloc S_0x136f07cc0;
    %pushi/vec4 2, 0, 32;
    %store/vec4 v0x60000131ca20_0, 0, 32;
    %pushi/vec4 0, 0, 32;
    %store/vec4 v0x60000131c990_0, 0, 32;
    %fork TD_pmu_core_tb.check_cnt, S_0x136f07cc0;
    %join;
    %free S_0x136f07cc0;
    %alloc S_0x136f07cc0;
    %pushi/vec4 3, 0, 32;
    %store/vec4 v0x60000131ca20_0, 0, 32;
    %pushi/vec4 3, 0, 32;
    %store/vec4 v0x60000131c990_0, 0, 32;
    %fork TD_pmu_core_tb.check_cnt, S_0x136f07cc0;
    %join;
    %free S_0x136f07cc0;
    %vpi_call/w 4 131 "$display", "test 7 reset still wins" {0 0 0};
    %pushi/vec4 1, 0, 1;
    %ix/load 4, 5, 0;
    %flag_set/imm 4, 0;
    %store/vec4 v0x60000131e9a0_0, 4, 1;
    %pushi/vec4 1, 0, 1;
    %store/vec4 v0x60000131e910_0, 0, 1;
    %wait E_0x600003407f80;
    %delay 1, 0;
    %pushi/vec4 0, 0, 1;
    %store/vec4 v0x60000131e910_0, 0, 1;
    %pushi/vec4 0, 0, 16;
    %store/vec4 v0x60000131e9a0_0, 0, 16;
    %alloc S_0x136f07cc0;
    %pushi/vec4 0, 0, 32;
    %store/vec4 v0x60000131ca20_0, 0, 32;
    %pushi/vec4 0, 0, 32;
    %store/vec4 v0x60000131c990_0, 0, 32;
    %fork TD_pmu_core_tb.check_cnt, S_0x136f07cc0;
    %join;
    %free S_0x136f07cc0;
    %alloc S_0x136f07cc0;
    %pushi/vec4 1, 0, 32;
    %store/vec4 v0x60000131ca20_0, 0, 32;
    %pushi/vec4 0, 0, 32;
    %store/vec4 v0x60000131c990_0, 0, 32;
    %fork TD_pmu_core_tb.check_cnt, S_0x136f07cc0;
    %join;
    %free S_0x136f07cc0;
    %alloc S_0x136f07cc0;
    %pushi/vec4 2, 0, 32;
    %store/vec4 v0x60000131ca20_0, 0, 32;
    %pushi/vec4 0, 0, 32;
    %store/vec4 v0x60000131c990_0, 0, 32;
    %fork TD_pmu_core_tb.check_cnt, S_0x136f07cc0;
    %join;
    %free S_0x136f07cc0;
    %alloc S_0x136f07cc0;
    %pushi/vec4 3, 0, 32;
    %store/vec4 v0x60000131ca20_0, 0, 32;
    %pushi/vec4 0, 0, 32;
    %store/vec4 v0x60000131c990_0, 0, 32;
    %fork TD_pmu_core_tb.check_cnt, S_0x136f07cc0;
    %join;
    %free S_0x136f07cc0;
    %vpi_call/w 4 143 "$display", "all core pmu tests have passed, datapath works :)" {0 0 0};
    %vpi_call/w 4 144 "$finish" {0 0 0};
    %end;
    .thread T_8;
# The file index is used to find the file name in the following table.
:file_names 9;
    "N/A";
    "<interactive>";
    "-";
    "rtl/package.sv";
    "tb/pmu_core_tb.sv";
    "rtl/pmu.sv";
    "rtl/counterbank.sv";
    "rtl/counter.sv";
    "rtl/mux.sv";
